This file contains any messages produced by compilers while
running configure, to aid debugging if configure makes a mistake.

It was created by logger configure 1.0, which was
generated by GNU Autoconf 2.69.  Invocation command line was

  $ ./configure 

## --------- ##
## Platform. ##
## --------- ##

hostname = opensuse15
uname -m = x86_64
uname -r = 6.4.0-150600.23.25-default
uname -s = Linux
uname -v = #1 SMP PREEMPT_DYNAMIC Tue Oct  1 10:54:01 UTC 2024 (ea7c56d)

/usr/bin/uname -p = x86_64
/bin/uname -X     = unknown

/bin/arch              = x86_64
/usr/bin/arch -k       = unknown
/usr/convex/getsysinfo = unknown
/usr/bin/hostinfo      = unknown
/bin/machine           = unknown
/usr/bin/oslevel       = unknown
/bin/universe          = unknown

PATH: /home/vagrant/.vscode-server/bin/441438abd1ac652551dbe4d408dfcec8a499b8bf/bin/remote-cli
PATH: /home/vagrant/.local/bin
PATH: /home/vagrant/bin
PATH: /usr/local/bin
PATH: /usr/bin
PATH: /bin


## ----------- ##
## Core tests. ##
## ----------- ##

configure:2301: checking for a BSD-compatible install
configure:2369: result: /usr/bin/install -c
configure:2380: checking whether build environment is sane
configure:2435: result: yes
configure:2586: checking for a thread-safe mkdir -p
configure:2625: result: /usr/bin/mkdir -p
configure:2632: checking for gawk
configure:2648: found /usr/bin/gawk
configure:2659: result: gawk
configure:2670: checking whether make sets $(MAKE)
configure:2692: result: yes
configure:2721: checking whether make supports nested variables
configure:2738: result: yes
configure:2922: checking for g++
configure:2938: found /usr/local/bin/g++
configure:2949: result: g++
configure:2976: checking for C++ compiler version
configure:2985: g++ --version >&5
g++ (SUSE Linux) 13.3.0
Copyright (C) 2023 Free Software Foundation, Inc.
This is free software; see the source for copying conditions.  There is NO
warranty; not even for MERCHANTABILITY or FITNESS FOR A PARTICULAR PURPOSE.

configure:2996: $? = 0
configure:2985: g++ -v >&5
Using built-in specs.
COLLECT_GCC=g++
COLLECT_LTO_WRAPPER=/usr/lib64/gcc/x86_64-suse-linux/13/lto-wrapper
OFFLOAD_TARGET_NAMES=nvptx-none
OFFLOAD_TARGET_DEFAULT=1
Target: x86_64-suse-linux
Configured with: ../configure CFLAGS=' -fmessage-length=0 -grecord-gcc-switches -O2 -funwind-tables -fasynchronous-unwind-tables -fstack-clash-protection -g' CXXFLAGS=' -fmessage-length=0 -grecord-gcc-switches -O2 -funwind-tables -fasynchronous-unwind-tables -fstack-clash-protection -g' XCFLAGS=' -fmessage-length=0 -grecord-gcc-switches -O2 -funwind-tables -fasynchronous-unwind-tables -fstack-clash-protection -g' TCFLAGS=' -fmessage-length=0 -grecord-gcc-switches -O2 -funwind-tables -fasynchronous-unwind-tables -fstack-clash-protection -g' GDCFLAGS=' -fmessage-length=0 -grecord-gcc-switches -O2 -funwind-tables -fasynchronous-unwind-tables -fstack-clash-protection -g' --prefix=/usr --infodir=/usr/share/info --mandir=/usr/share/man --libdir=/usr/lib64 --libexecdir=/usr/lib64 --enable-languages=c,c++,objc,fortran,obj-c++,ada,go,d,m2 --enable-offload-targets=nvptx-none, --enable-offload-defaulted --without-cuda-driver --enable-checking=release --disable-werror --with-gxx-include-dir=/usr/include/c++/13 --with-libstdcxx-zoneinfo=/usr/share/zoneinfo --enable-ssp --disable-libssp --disable-libvtv --enable-cet=auto --disable-libcc1 --disable-plugin --with-bugurl=https://bugs.opensuse.org/ --with-pkgversion='SUSE Linux' --with-slibdir=/lib64 --with-system-zlib --enable-libstdcxx-allocator=new --disable-libstdcxx-pch --enable-libphobos --enable-version-specific-runtime-libs --with-gcc-major-version-only --enable-linker-build-id --enable-linux-futex --enable-gnu-indirect-function --program-suffix=-13 --without-system-libunwind --enable-multilib --with-arch-32=x86-64 --with-tune=generic --enable-link-serialization --build=x86_64-suse-linux --host=x86_64-suse-linux
Thread model: posix
Supported LTO compression algorithms: zlib
gcc version 13.3.0 (SUSE Linux) 
... rest of stderr output deleted ...
configure:2996: $? = 0
configure:2985: g++ -V >&5
g++: error: unrecognized command-line option '-V'
g++: fatal error: no input files
compilation terminated.
configure:2996: $? = 1
configure:2985: g++ -qversion >&5
g++: error: unrecognized command-line option '-qversion'; did you mean '--version'?
g++: fatal error: no input files
compilation terminated.
configure:2996: $? = 1
configure:3016: checking whether the C++ compiler works
configure:3038: g++    conftest.cpp  >&5
configure:3042: $? = 0
configure:3090: result: yes
configure:3093: checking for C++ compiler default output file name
configure:3095: result: a.out
configure:3101: checking for suffix of executables
configure:3108: g++ -o conftest    conftest.cpp  >&5
configure:3112: $? = 0
configure:3134: result: 
configure:3156: checking whether we are cross compiling
configure:3164: g++ -o conftest    conftest.cpp  >&5
configure:3168: $? = 0
configure:3175: ./conftest
configure:3179: $? = 0
configure:3194: result: no
configure:3199: checking for suffix of object files
configure:3221: g++ -c   conftest.cpp >&5
configure:3225: $? = 0
configure:3246: result: o
configure:3250: checking whether we are using the GNU C++ compiler
configure:3269: g++ -c   conftest.cpp >&5
configure:3269: $? = 0
configure:3278: result: yes
configure:3287: checking whether g++ accepts -g
configure:3307: g++ -c -g  conftest.cpp >&5
configure:3307: $? = 0
configure:3348: result: yes
configure:3382: checking for style of include used by make
configure:3410: result: GNU
configure:3436: checking dependency style of g++
configure:3547: result: gcc3
configure:3610: checking for gcc
configure:3626: found /usr/local/bin/gcc
configure:3637: result: gcc
configure:3866: checking for C compiler version
configure:3875: gcc --version >&5
gcc (SUSE Linux) 13.3.0
Copyright (C) 2023 Free Software Foundation, Inc.
This is free software; see the source for copying conditions.  There is NO
warranty; not even for MERCHANTABILITY or FITNESS FOR A PARTICULAR PURPOSE.

configure:3886: $? = 0
configure:3875: gcc -v >&5
Using built-in specs.
COLLECT_GCC=gcc
COLLECT_LTO_WRAPPER=/usr/lib64/gcc/x86_64-suse-linux/13/lto-wrapper
OFFLOAD_TARGET_NAMES=nvptx-none
OFFLOAD_TARGET_DEFAULT=1
Target: x86_64-suse-linux
Configured with: ../configure CFLAGS=' -fmessage-length=0 -grecord-gcc-switches -O2 -funwind-tables -fasynchronous-unwind-tables -fstack-clash-protection -g' CXXFLAGS=' -fmessage-length=0 -grecord-gcc-switches -O2 -funwind-tables -fasynchronous-unwind-tables -fstack-clash-protection -g' XCFLAGS=' -fmessage-length=0 -grecord-gcc-switches -O2 -funwind-tables -fasynchronous-unwind-tables -fstack-clash-protection -g' TCFLAGS=' -fmessage-length=0 -grecord-gcc-switches -O2 -funwind-tables -fasynchronous-unwind-tables -fstack-clash-protection -g' GDCFLAGS=' -fmessage-length=0 -grecord-gcc-switches -O2 -funwind-tables -fasynchronous-unwind-tables -fstack-clash-protection -g' --prefix=/usr --infodir=/usr/share/info --mandir=/usr/share/man --libdir=/usr/lib64 --libexecdir=/usr/lib64 --enable-languages=c,c++,objc,fortran,obj-c++,ada,go,d,m2 --enable-offload-targets=nvptx-none, --enable-offload-defaulted --without-cuda-driver --enable-checking=release --disable-werror --with-gxx-include-dir=/usr/include/c++/13 --with-libstdcxx-zoneinfo=/usr/share/zoneinfo --enable-ssp --disable-libssp --disable-libvtv --enable-cet=auto --disable-libcc1 --disable-plugin --with-bugurl=https://bugs.opensuse.org/ --with-pkgversion='SUSE Linux' --with-slibdir=/lib64 --with-system-zlib --enable-libstdcxx-allocator=new --disable-libstdcxx-pch --enable-libphobos --enable-version-specific-runtime-libs --with-gcc-major-version-only --enable-linker-build-id --enable-linux-futex --enable-gnu-indirect-function --program-suffix=-13 --without-system-libunwind --enable-multilib --with-arch-32=x86-64 --with-tune=generic --enable-link-serialization --build=x86_64-suse-linux --host=x86_64-suse-linux
Thread model: posix
Supported LTO compression algorithms: zlib
gcc version 13.3.0 (SUSE Linux) 
... rest of stderr output deleted ...
configure:3886: $? = 0
configure:3875: gcc -V >&5
gcc: error: unrecognized command-line option '-V'
gcc: fatal error: no input files
compilation terminated.
configure:3886: $? = 1
configure:3875: gcc -qversion >&5
gcc: error: unrecognized command-line option '-qversion'; did you mean '--version'?
gcc: fatal error: no input files
compilation terminated.
configure:3886: $? = 1
configure:3890: checking whether we are using the GNU C compiler
configure:3909: gcc -c   conftest.c >&5
configure:3909: $? = 0
configure:3918: result: yes
configure:3927: checking whether gcc accepts -g
configure:3947: gcc -c -g  conftest.c >&5
configure:3947: $? = 0
configure:3988: result: yes
configure:4005: checking for gcc option to accept ISO C89
configure:4068: gcc  -c -g -O2  conftest.c >&5
configure:4068: $? = 0
configure:4081: result: none needed
configure:4106: checking whether gcc understands -c and -o together
configure:4128: gcc -c conftest.c -o conftest2.o
configure:4131: $? = 0
configure:4128: gcc -c conftest.c -o conftest2.o
configure:4131: $? = 0
configure:4143: result: yes
configure:4162: checking dependency style of gcc
configure:4273: result: gcc3
configure:4338: checking for ar
configure:4354: found /usr/bin/ar
configure:4365: result: ar
configure:4391: checking the archiver (ar) interface
configure:4407: gcc -c -g -O2  conftest.c >&5
configure:4407: $? = 0
configure:4409: ar cru libconftest.a conftest.o >&5
configure:4412: $? = 0
configure:4440: result: ar
configure:4489: checking build system type
configure:4503: result: x86_64-pc-linux-gnu
configure:4523: checking host system type
configure:4536: result: x86_64-pc-linux-gnu
configure:4577: checking how to print strings
configure:4604: result: printf
configure:4625: checking for a sed that does not truncate output
configure:4689: result: /usr/bin/sed
configure:4707: checking for grep that handles long lines and -e
configure:4765: result: /usr/bin/grep
configure:4770: checking for egrep
configure:4832: result: /usr/bin/grep -E
configure:4837: checking for fgrep
configure:4899: result: /usr/bin/grep -F
configure:4934: checking for ld used by gcc
configure:5001: result: /usr/x86_64-suse-linux/bin/ld
configure:5008: checking if the linker (/usr/x86_64-suse-linux/bin/ld) is GNU ld
configure:5023: result: yes
configure:5035: checking for BSD- or MS-compatible name lister (nm)
configure:5089: result: /usr/bin/nm -B
configure:5219: checking the name lister (/usr/bin/nm -B) interface
configure:5226: gcc -c -g -O2  conftest.c >&5
configure:5229: /usr/bin/nm -B "conftest.o"
configure:5232: output
0000000000000000 B some_variable
configure:5239: result: BSD nm
configure:5242: checking whether ln -s works
configure:5246: result: yes
configure:5254: checking the maximum length of command line arguments
configure:5385: result: 1572864
configure:5433: checking how to convert x86_64-pc-linux-gnu file names to x86_64-pc-linux-gnu format
configure:5473: result: func_convert_file_noop
configure:5480: checking how to convert x86_64-pc-linux-gnu file names to toolchain format
configure:5500: result: func_convert_file_noop
configure:5507: checking for /usr/x86_64-suse-linux/bin/ld option to reload object files
configure:5514: result: -r
configure:5588: checking for objdump
configure:5604: found /usr/bin/objdump
configure:5615: result: objdump
configure:5647: checking how to recognize dependent libraries
configure:5847: result: pass_all
configure:5932: checking for dlltool
configure:5962: result: no
configure:5992: checking how to associate runtime and link libraries
configure:6019: result: printf %s\n
configure:6143: checking for archiver @FILE support
configure:6160: gcc -c -g -O2  conftest.c >&5
configure:6160: $? = 0
configure:6163: ar cru libconftest.a @conftest.lst >&5
configure:6166: $? = 0
configure:6171: ar cru libconftest.a @conftest.lst >&5
ar: conftest.o: No such file or directory
configure:6174: $? = 1
configure:6186: result: @
configure:6244: checking for strip
configure:6260: found /usr/bin/strip
configure:6271: result: strip
configure:6343: checking for ranlib
configure:6359: found /usr/bin/ranlib
configure:6370: result: ranlib
configure:6472: checking command to parse /usr/bin/nm -B output from gcc object
configure:6625: gcc -c -g -O2  conftest.c >&5
configure:6628: $? = 0
configure:6632: /usr/bin/nm -B conftest.o \| sed -n -e 's/^.*[ ]\([ABCDGIRSTW][ABCDGIRSTW]*\)[ ][ ]*\([_A-Za-z][_A-Za-z0-9]*\)$/\1 \2 \2/p' | sed '/ __gnu_lto/d' \> conftest.nm
configure:6635: $? = 0
configure:6701: gcc -o conftest -g -O2   conftest.c conftstm.o >&5
configure:6704: $? = 0
configure:6742: result: ok
configure:6789: checking for sysroot
configure:6819: result: no
configure:6826: checking for a working dd
configure:6864: result: /usr/bin/dd
configure:6868: checking how to truncate binary pipes
configure:6883: result: /usr/bin/dd bs=4096 count=1
configure:7019: gcc -c -g -O2  conftest.c >&5
configure:7022: $? = 0
configure:7212: checking for mt
configure:7228: found /usr/bin/mt
configure:7239: result: mt
configure:7262: checking if mt is a manifest tool
configure:7268: mt '-?'
configure:7276: result: no
configure:7953: checking how to run the C preprocessor
configure:7984: gcc -E  conftest.c
configure:7984: $? = 0
configure:7998: gcc -E  conftest.c
conftest.c:11:10: fatal error: ac_nonexistent.h: No such file or directory
   11 | #include <ac_nonexistent.h>
      |          ^~~~~~~~~~~~~~~~~~
compilation terminated.
configure:7998: $? = 1
configure: failed program was:
| /* confdefs.h */
| #define PACKAGE_NAME "logger"
| #define PACKAGE_TARNAME "logger"
| #define PACKAGE_VERSION "1.0"
| #define PACKAGE_STRING "logger 1.0"
| #define PACKAGE_BUGREPORT "radio.internship.season40@endava.com"
| #define PACKAGE_URL ""
| #define PACKAGE "logger"
| #define VERSION "1.0"
| /* end confdefs.h.  */
| #include <ac_nonexistent.h>
configure:8023: result: gcc -E
configure:8043: gcc -E  conftest.c
configure:8043: $? = 0
configure:8057: gcc -E  conftest.c
conftest.c:11:10: fatal error: ac_nonexistent.h: No such file or directory
   11 | #include <ac_nonexistent.h>
      |          ^~~~~~~~~~~~~~~~~~
compilation terminated.
configure:8057: $? = 1
configure: failed program was:
| /* confdefs.h */
| #define PACKAGE_NAME "logger"
| #define PACKAGE_TARNAME "logger"
| #define PACKAGE_VERSION "1.0"
| #define PACKAGE_STRING "logger 1.0"
| #define PACKAGE_BUGREPORT "radio.internship.season40@endava.com"
| #define PACKAGE_URL ""
| #define PACKAGE "logger"
| #define VERSION "1.0"
| /* end confdefs.h.  */
| #include <ac_nonexistent.h>
configure:8086: checking for ANSI C header files
configure:8106: gcc -c -g -O2  conftest.c >&5
configure:8106: $? = 0
configure:8179: gcc -o conftest -g -O2   conftest.c  >&5
configure:8179: $? = 0
configure:8179: ./conftest
configure:8179: $? = 0
configure:8190: result: yes
configure:8203: checking for sys/types.h
configure:8203: gcc -c -g -O2  conftest.c >&5
configure:8203: $? = 0
configure:8203: result: yes
configure:8203: checking for sys/stat.h
configure:8203: gcc -c -g -O2  conftest.c >&5
configure:8203: $? = 0
configure:8203: result: yes
configure:8203: checking for stdlib.h
configure:8203: gcc -c -g -O2  conftest.c >&5
configure:8203: $? = 0
configure:8203: result: yes
configure:8203: checking for string.h
configure:8203: gcc -c -g -O2  conftest.c >&5
configure:8203: $? = 0
configure:8203: result: yes
configure:8203: checking for memory.h
configure:8203: gcc -c -g -O2  conftest.c >&5
configure:8203: $? = 0
configure:8203: result: yes
configure:8203: checking for strings.h
configure:8203: gcc -c -g -O2  conftest.c >&5
configure:8203: $? = 0
configure:8203: result: yes
configure:8203: checking for inttypes.h
configure:8203: gcc -c -g -O2  conftest.c >&5
configure:8203: $? = 0
configure:8203: result: yes
configure:8203: checking for stdint.h
configure:8203: gcc -c -g -O2  conftest.c >&5
configure:8203: $? = 0
configure:8203: result: yes
configure:8203: checking for unistd.h
configure:8203: gcc -c -g -O2  conftest.c >&5
configure:8203: $? = 0
configure:8203: result: yes
configure:8217: checking for dlfcn.h
configure:8217: gcc -c -g -O2  conftest.c >&5
configure:8217: $? = 0
configure:8217: result: yes
configure:8484: checking for objdir
configure:8499: result: .libs
configure:8763: checking if gcc supports -fno-rtti -fno-exceptions
configure:8781: gcc -c -g -O2  -fno-rtti -fno-exceptions conftest.c >&5
cc1: warning: command-line option '-fno-rtti' is valid for C++/D/ObjC++ but not for C
configure:8785: $? = 0
configure:8798: result: no
configure:9156: checking for gcc option to produce PIC
configure:9163: result: -fPIC -DPIC
configure:9171: checking if gcc PIC flag -fPIC -DPIC works
configure:9189: gcc -c -g -O2  -fPIC -DPIC -DPIC conftest.c >&5
configure:9193: $? = 0
configure:9206: result: yes
configure:9235: checking if gcc static flag -static works
configure:9263: result: no
configure:9278: checking if gcc supports -c -o file.o
configure:9299: gcc -c -g -O2  -o out/conftest2.o conftest.c >&5
configure:9303: $? = 0
configure:9325: result: yes
configure:9333: checking if gcc supports -c -o file.o
configure:9380: result: yes
configure:9413: checking whether the gcc linker (/usr/x86_64-suse-linux/bin/ld -m elf_x86_64) supports shared libraries
configure:10672: result: yes
configure:10709: checking whether -lc should be explicitly linked in
configure:10717: gcc -c -g -O2  conftest.c >&5
configure:10720: $? = 0
configure:10735: gcc -shared  -fPIC -DPIC conftest.o  -v -Wl,-soname -Wl,conftest -o conftest 2\>\&1 \| /usr/bin/grep  -lc  \>/dev/null 2\>\&1
configure:10738: $? = 0
configure:10752: result: no
configure:10912: checking dynamic linker characteristics
configure:11493: gcc -o conftest -g -O2   -Wl,-rpath -Wl,/foo conftest.c  >&5
configure:11493: $? = 0
configure:11730: result: GNU/Linux ld.so
configure:11852: checking how to hardcode library paths into programs
configure:11877: result: immediate
configure:12425: checking whether stripping libraries is possible
configure:12430: result: yes
configure:12465: checking if libtool supports shared libraries
configure:12467: result: yes
configure:12470: checking whether to build shared libraries
configure:12495: result: yes
configure:12498: checking whether to build static libraries
configure:12502: result: yes
configure:12525: checking how to run the C++ preprocessor
configure:12552: g++ -E  conftest.cpp
configure:12552: $? = 0
configure:12566: g++ -E  conftest.cpp
conftest.cpp:23:10: fatal error: ac_nonexistent.h: No such file or directory
   23 | #include <ac_nonexistent.h>
      |          ^~~~~~~~~~~~~~~~~~
compilation terminated.
configure:12566: $? = 1
configure: failed program was:
| /* confdefs.h */
| #define PACKAGE_NAME "logger"
| #define PACKAGE_TARNAME "logger"
| #define PACKAGE_VERSION "1.0"
| #define PACKAGE_STRING "logger 1.0"
| #define PACKAGE_BUGREPORT "radio.internship.season40@endava.com"
| #define PACKAGE_URL ""
| #define PACKAGE "logger"
| #define VERSION "1.0"
| #define STDC_HEADERS 1
| #define HAVE_SYS_TYPES_H 1
| #define HAVE_SYS_STAT_H 1
| #define HAVE_STDLIB_H 1
| #define HAVE_STRING_H 1
| #define HAVE_MEMORY_H 1
| #define HAVE_STRINGS_H 1
| #define HAVE_INTTYPES_H 1
| #define HAVE_STDINT_H 1
| #define HAVE_UNISTD_H 1
| #define HAVE_DLFCN_H 1
| #define LT_OBJDIR ".libs/"
| /* end confdefs.h.  */
| #include <ac_nonexistent.h>
configure:12591: result: g++ -E
configure:12611: g++ -E  conftest.cpp
configure:12611: $? = 0
configure:12625: g++ -E  conftest.cpp
conftest.cpp:23:10: fatal error: ac_nonexistent.h: No such file or directory
   23 | #include <ac_nonexistent.h>
      |          ^~~~~~~~~~~~~~~~~~
compilation terminated.
configure:12625: $? = 1
configure: failed program was:
| /* confdefs.h */
| #define PACKAGE_NAME "logger"
| #define PACKAGE_TARNAME "logger"
| #define PACKAGE_VERSION "1.0"
| #define PACKAGE_STRING "logger 1.0"
| #define PACKAGE_BUGREPORT "radio.internship.season40@endava.com"
| #define PACKAGE_URL ""
| #define PACKAGE "logger"
| #define VERSION "1.0"
| #define STDC_HEADERS 1
| #define HAVE_SYS_TYPES_H 1
| #define HAVE_SYS_STAT_H 1
| #define HAVE_STDLIB_H 1
| #define HAVE_STRING_H 1
| #define HAVE_MEMORY_H 1
| #define HAVE_STRINGS_H 1
| #define HAVE_INTTYPES_H 1
| #define HAVE_STDINT_H 1
| #define HAVE_UNISTD_H 1
| #define HAVE_DLFCN_H 1
| #define LT_OBJDIR ".libs/"
| /* end confdefs.h.  */
| #include <ac_nonexistent.h>
configure:12787: checking for ld used by g++
configure:12854: result: /usr/x86_64-suse-linux/bin/ld -m elf_x86_64
configure:12861: checking if the linker (/usr/x86_64-suse-linux/bin/ld -m elf_x86_64) is GNU ld
configure:12876: result: yes
configure:12931: checking whether the g++ linker (/usr/x86_64-suse-linux/bin/ld -m elf_x86_64) supports shared libraries
configure:14004: result: yes
configure:14040: g++ -c -g -O2  conftest.cpp >&5
configure:14043: $? = 0
configure:14524: checking for g++ option to produce PIC
configure:14531: result: -fPIC -DPIC
configure:14539: checking if g++ PIC flag -fPIC -DPIC works
configure:14557: g++ -c -g -O2  -fPIC -DPIC -DPIC conftest.cpp >&5
configure:14561: $? = 0
configure:14574: result: yes
configure:14597: checking if g++ static flag -static works
configure:14625: result: no
configure:14637: checking if g++ supports -c -o file.o
configure:14658: g++ -c -g -O2  -o out/conftest2.o conftest.cpp >&5
configure:14662: $? = 0
configure:14684: result: yes
configure:14689: checking if g++ supports -c -o file.o
configure:14736: result: yes
configure:14766: checking whether the g++ linker (/usr/x86_64-suse-linux/bin/ld -m elf_x86_64) supports shared libraries
configure:14806: result: yes
configure:14947: checking dynamic linker characteristics
configure:15692: result: GNU/Linux ld.so
configure:15757: checking how to hardcode library paths into programs
configure:15782: result: immediate
configure:15957: checking that generated files are newer than configure
configure:15963: result: done
configure:15990: creating ./config.status

## ---------------------- ##
## Running config.status. ##
## ---------------------- ##

This file was extended by logger config.status 1.0, which was
generated by GNU Autoconf 2.69.  Invocation command line was

  CONFIG_FILES    = 
  CONFIG_HEADERS  = 
  CONFIG_LINKS    = 
  CONFIG_COMMANDS = 
  $ ./config.status 

on opensuse15

config.status:1146: creating Makefile
config.status:1146: creating config.h
config.status:1375: executing depfiles commands
config.status:1375: executing libtool commands

## ---------------- ##
## Cache variables. ##
## ---------------- ##

ac_cv_build=x86_64-pc-linux-gnu
ac_cv_c_compiler_gnu=yes
ac_cv_cxx_compiler_gnu=yes
ac_cv_env_CCC_set=
ac_cv_env_CCC_value=
ac_cv_env_CC_set=
ac_cv_env_CC_value=
ac_cv_env_CFLAGS_set=
ac_cv_env_CFLAGS_value=
ac_cv_env_CPPFLAGS_set=
ac_cv_env_CPPFLAGS_value=
ac_cv_env_CPP_set=
ac_cv_env_CPP_value=
ac_cv_env_CXXCPP_set=
ac_cv_env_CXXCPP_value=
ac_cv_env_CXXFLAGS_set=
ac_cv_env_CXXFLAGS_value=
ac_cv_env_CXX_set=
ac_cv_env_CXX_value=
ac_cv_env_LDFLAGS_set=
ac_cv_env_LDFLAGS_value=
ac_cv_env_LIBS_set=
ac_cv_env_LIBS_value=
ac_cv_env_LT_SYS_LIBRARY_PATH_set=
ac_cv_env_LT_SYS_LIBRARY_PATH_value=
ac_cv_env_build_alias_set=
ac_cv_env_build_alias_value=
ac_cv_env_host_alias_set=
ac_cv_env_host_alias_value=
ac_cv_env_target_alias_set=
ac_cv_env_target_alias_value=
ac_cv_header_dlfcn_h=yes
ac_cv_header_inttypes_h=yes
ac_cv_header_memory_h=yes
ac_cv_header_stdc=yes
ac_cv_header_stdint_h=yes
ac_cv_header_stdlib_h=yes
ac_cv_header_string_h=yes
ac_cv_header_strings_h=yes
ac_cv_header_sys_stat_h=yes
ac_cv_header_sys_types_h=yes
ac_cv_header_unistd_h=yes
ac_cv_host=x86_64-pc-linux-gnu
ac_cv_objext=o
ac_cv_path_EGREP='/usr/bin/grep -E'
ac_cv_path_FGREP='/usr/bin/grep -F'
ac_cv_path_GREP=/usr/bin/grep
ac_cv_path_SED=/usr/bin/sed
ac_cv_path_install='/usr/bin/install -c'
ac_cv_path_lt_DD=/usr/bin/dd
ac_cv_path_mkdir=/usr/bin/mkdir
ac_cv_prog_AWK=gawk
ac_cv_prog_CPP='gcc -E'
ac_cv_prog_CXXCPP='g++ -E'
ac_cv_prog_ac_ct_AR=ar
ac_cv_prog_ac_ct_CC=gcc
ac_cv_prog_ac_ct_CXX=g++
ac_cv_prog_ac_ct_MANIFEST_TOOL=mt
ac_cv_prog_ac_ct_OBJDUMP=objdump
ac_cv_prog_ac_ct_RANLIB=ranlib
ac_cv_prog_ac_ct_STRIP=strip
ac_cv_prog_cc_c89=
ac_cv_prog_cc_g=yes
ac_cv_prog_cxx_g=yes
ac_cv_prog_make_make_set=yes
am_cv_CC_dependencies_compiler_type=gcc3
am_cv_CXX_dependencies_compiler_type=gcc3
am_cv_ar_interface=ar
am_cv_make_support_nested_variables=yes
am_cv_prog_cc_c_o=yes
lt_cv_ar_at_file=@
lt_cv_archive_cmds_need_lc=no
lt_cv_deplibs_check_method=pass_all
lt_cv_file_magic_cmd='$MAGIC_CMD'
lt_cv_file_magic_test_file=
lt_cv_ld_reload_flag=-r
lt_cv_nm_interface='BSD nm'
lt_cv_objdir=.libs
lt_cv_path_LD=/usr/x86_64-suse-linux/bin/ld
lt_cv_path_LDCXX='/usr/x86_64-suse-linux/bin/ld -m elf_x86_64'
lt_cv_path_NM='/usr/bin/nm -B'
lt_cv_path_mainfest_tool=no
lt_cv_prog_compiler_c_o=yes
lt_cv_prog_compiler_c_o_CXX=yes
lt_cv_prog_compiler_pic='-fPIC -DPIC'
lt_cv_prog_compiler_pic_CXX='-fPIC -DPIC'
lt_cv_prog_compiler_pic_works=yes
lt_cv_prog_compiler_pic_works_CXX=yes
lt_cv_prog_compiler_rtti_exceptions=no
lt_cv_prog_compiler_static_works=no
lt_cv_prog_compiler_static_works_CXX=no
lt_cv_prog_gnu_ld=yes
lt_cv_prog_gnu_ldcxx=yes
lt_cv_sharedlib_from_linklib_cmd='printf %s\n'
lt_cv_shlibpath_overrides_runpath=yes
lt_cv_sys_global_symbol_pipe='sed -n -e '\''s/^.*[	 ]\([ABCDGIRSTW][ABCDGIRSTW]*\)[	 ][	 ]*\([_A-Za-z][_A-Za-z0-9]*\)$/\1 \2 \2/p'\'' | sed '\''/ __gnu_lto/d'\'''
lt_cv_sys_global_symbol_to_c_name_address='sed -n -e '\''s/^: \(.*\) .*$/  {"\1", (void *) 0},/p'\'' -e '\''s/^[ABCDGIRSTW][ABCDGIRSTW]* .* \(.*\)$/  {"\1", (void *) \&\1},/p'\'''
lt_cv_sys_global_symbol_to_c_name_address_lib_prefix='sed -n -e '\''s/^: \(.*\) .*$/  {"\1", (void *) 0},/p'\'' -e '\''s/^[ABCDGIRSTW][ABCDGIRSTW]* .* \(lib.*\)$/  {"\1", (void *) \&\1},/p'\'' -e '\''s/^[ABCDGIRSTW][ABCDGIRSTW]* .* \(.*\)$/  {"lib\1", (void *) \&\1},/p'\'''
lt_cv_sys_global_symbol_to_cdecl='sed -n -e '\''s/^T .* \(.*\)$/extern int \1();/p'\'' -e '\''s/^[ABCDGIRSTW][ABCDGIRSTW]* .* \(.*\)$/extern char \1;/p'\'''
lt_cv_sys_global_symbol_to_import=
lt_cv_sys_max_cmd_len=1572864
lt_cv_to_host_file_cmd=func_convert_file_noop
lt_cv_to_tool_file_cmd=func_convert_file_noop
lt_cv_truncate_bin='/usr/bin/dd bs=4096 count=1'

## ----------------- ##
## Output variables. ##
## ----------------- ##

ACLOCAL='${SHELL} /home/vagrant/RadioXFTInternshipSeason40/logging/missing aclocal-1.15'
AMDEPBACKSLASH='\'
AMDEP_FALSE='#'
AMDEP_TRUE=''
AMTAR='$${TAR-tar}'
AM_BACKSLASH='\'
AM_DEFAULT_V='$(AM_DEFAULT_VERBOSITY)'
AM_DEFAULT_VERBOSITY='1'
AM_V='$(V)'
AR='ar'
AUTOCONF='${SHELL} /home/vagrant/RadioXFTInternshipSeason40/logging/missing autoconf'
AUTOHEADER='${SHELL} /home/vagrant/RadioXFTInternshipSeason40/logging/missing autoheader'
AUTOMAKE='${SHELL} /home/vagrant/RadioXFTInternshipSeason40/logging/missing automake-1.15'
AWK='gawk'
CC='gcc'
CCDEPMODE='depmode=gcc3'
CFLAGS='-g -O2'
CPP='gcc -E'
CPPFLAGS=''
CXX='g++'
CXXCPP='g++ -E'
CXXDEPMODE='depmode=gcc3'
CXXFLAGS='-g -O2'
CYGPATH_W='echo'
DEFS='-DHAVE_CONFIG_H'
DEPDIR='.deps'
DLLTOOL='false'
DSYMUTIL=''
DUMPBIN=''
ECHO_C=''
ECHO_N='-n'
ECHO_T=''
EGREP='/usr/bin/grep -E'
EXEEXT=''
FGREP='/usr/bin/grep -F'
GREP='/usr/bin/grep'
INSTALL_DATA='${INSTALL} -m 644'
INSTALL_PROGRAM='${INSTALL}'
INSTALL_SCRIPT='${INSTALL}'
INSTALL_STRIP_PROGRAM='$(install_sh) -c -s'
LD='/usr/x86_64-suse-linux/bin/ld -m elf_x86_64'
LDFLAGS=''
LIBOBJS=''
LIBS=''
LIBTOOL='$(SHELL) $(top_builddir)/libtool'
LIPO=''
LN_S='ln -s'
LTLIBOBJS=''
LT_SYS_LIBRARY_PATH=''
MAKEINFO='${SHELL} /home/vagrant/RadioXFTInternshipSeason40/logging/missing makeinfo'
MANIFEST_TOOL=':'
MKDIR_P='/usr/bin/mkdir -p'
NM='/usr/bin/nm -B'
NMEDIT=''
OBJDUMP='objdump'
OBJEXT='o'
OTOOL64=''
OTOOL=''
PACKAGE='logger'
PACKAGE_BUGREPORT='radio.internship.season40@endava.com'
PACKAGE_NAME='logger'
PACKAGE_STRING='logger 1.0'
PACKAGE_TARNAME='logger'
PACKAGE_URL=''
PACKAGE_VERSION='1.0'
PATH_SEPARATOR=':'
RANLIB='ranlib'
SED='/usr/bin/sed'
SET_MAKE=''
SHELL='/bin/sh'
STRIP='strip'
VERSION='1.0'
ac_ct_AR='ar'
ac_ct_CC='gcc'
ac_ct_CXX='g++'
ac_ct_DUMPBIN=''
am__EXEEXT_FALSE=''
am__EXEEXT_TRUE='#'
am__fastdepCC_FALSE='#'
am__fastdepCC_TRUE=''
am__fastdepCXX_FALSE='#'
am__fastdepCXX_TRUE=''
am__include='include'
am__isrc=''
am__leading_dot='.'
am__nodep='_no'
am__quote=''
am__tar='$${TAR-tar} chof - "$$tardir"'
am__untar='$${TAR-tar} xf -'
bindir='${exec_prefix}/bin'
build='x86_64-pc-linux-gnu'
build_alias=''
build_cpu='x86_64'
build_os='linux-gnu'
build_vendor='pc'
datadir='${datarootdir}'
datarootdir='${prefix}/share'
docdir='${datarootdir}/doc/${PACKAGE_TARNAME}'
dvidir='${docdir}'
exec_prefix='${prefix}'
host='x86_64-pc-linux-gnu'
host_alias=''
host_cpu='x86_64'
host_os='linux-gnu'
host_vendor='pc'
htmldir='${docdir}'
includedir='${prefix}/include'
infodir='${datarootdir}/info'
install_sh='${SHELL} /home/vagrant/RadioXFTInternshipSeason40/logging/install-sh'
libdir='${exec_prefix}/lib'
libexecdir='${exec_prefix}/libexec'
localedir='${datarootdir}/locale'
localstatedir='${prefix}/var'
mandir='${datarootdir}/man'
mkdir_p='$(MKDIR_P)'
oldincludedir='/usr/include'
pdfdir='${docdir}'
prefix='/usr/local'
program_transform_name='s,x,x,'
psdir='${docdir}'
sbindir='${exec_prefix}/sbin'
sharedstatedir='${prefix}/com'
sysconfdir='${prefix}/etc'
target_alias=''

## ----------- ##
## confdefs.h. ##
## ----------- ##

/* confdefs.h */
#define PACKAGE_NAME "logger"
#define PACKAGE_TARNAME "logger"
#define PACKAGE_VERSION "1.0"
#define PACKAGE_STRING "logger 1.0"
#define PACKAGE_BUGREPORT "radio.internship.season40@endava.com"
#define PACKAGE_URL ""
#define PACKAGE "logger"
#define VERSION "1.0"
#define STDC_HEADERS 1
#define HAVE_SYS_TYPES_H 1
#define HAVE_SYS_STAT_H 1
#define HAVE_STDLIB_H 1
#define HAVE_STRING_H 1
#define HAVE_MEMORY_H 1
#define HAVE_STRINGS_H 1
#define HAVE_INTTYPES_H 1
#define HAVE_STDINT_H 1
#define HAVE_UNISTD_H 1
#define HAVE_DLFCN_H 1
#define LT_OBJDIR ".libs/"

configure: exit 0
