This file contains any messages produced by compilers while
running configure, to aid debugging if configure makes a mistake.

It was created by database configure 1.0, which was
generated by GNU Autoconf 2.69.  Invocation command line was

  $ ./configure 

## --------- ##
## Platform. ##
## --------- ##

hostname = opensuse15
uname -m = x86_64
uname -r = 6.4.0-150600.23.25-default
uname -s = Linux
uname -v = #1 SMP PREEMPT_DYNAMIC Tue Oct  1 10:54:01 UTC 2024 (ea7c56d)

/usr/bin/uname -p = x86_64
/bin/uname -X     = unknown

/bin/arch              = x86_64
/usr/bin/arch -k       = unknown
/usr/convex/getsysinfo = unknown
/usr/bin/hostinfo      = unknown
/bin/machine           = unknown
/usr/bin/oslevel       = unknown
/bin/universe          = unknown

PATH: /home/vagrant/.vscode-server/bin/441438abd1ac652551dbe4d408dfcec8a499b8bf/bin/remote-cli
PATH: /home/vagrant/.local/bin
PATH: /home/vagrant/bin
PATH: /usr/local/bin
PATH: /usr/bin
PATH: /bin


## ----------- ##
## Core tests. ##
## ----------- ##

configure:2392: checking for a BSD-compatible install
configure:2460: result: /usr/bin/install -c
configure:2471: checking whether build environment is sane
configure:2526: result: yes
configure:2677: checking for a thread-safe mkdir -p
configure:2716: result: /usr/bin/mkdir -p
configure:2723: checking for gawk
configure:2739: found /usr/bin/gawk
configure:2750: result: gawk
configure:2761: checking whether make sets $(MAKE)
configure:2783: result: yes
configure:2812: checking whether make supports nested variables
configure:2829: result: yes
configure:3013: checking for g++
configure:3029: found /usr/local/bin/g++
configure:3040: result: g++
configure:3067: checking for C++ compiler version
configure:3076: g++ --version >&5
g++ (SUSE Linux) 13.3.0
Copyright (C) 2023 Free Software Foundation, Inc.
This is free software; see the source for copying conditions.  There is NO
warranty; not even for MERCHANTABILITY or FITNESS FOR A PARTICULAR PURPOSE.

configure:3087: $? = 0
configure:3076: g++ -v >&5
Using built-in specs.
COLLECT_GCC=g++
COLLECT_LTO_WRAPPER=/usr/lib64/gcc/x86_64-suse-linux/13/lto-wrapper
OFFLOAD_TARGET_NAMES=nvptx-none
OFFLOAD_TARGET_DEFAULT=1
Target: x86_64-suse-linux
Configured with: ../configure CFLAGS=' -fmessage-length=0 -grecord-gcc-switches -O2 -funwind-tables -fasynchronous-unwind-tables -fstack-clash-protection -g' CXXFLAGS=' -fmessage-length=0 -grecord-gcc-switches -O2 -funwind-tables -fasynchronous-unwind-tables -fstack-clash-protection -g' XCFLAGS=' -fmessage-length=0 -grecord-gcc-switches -O2 -funwind-tables -fasynchronous-unwind-tables -fstack-clash-protection -g' TCFLAGS=' -fmessage-length=0 -grecord-gcc-switches -O2 -funwind-tables -fasynchronous-unwind-tables -fstack-clash-protection -g' GDCFLAGS=' -fmessage-length=0 -grecord-gcc-switches -O2 -funwind-tables -fasynchronous-unwind-tables -fstack-clash-protection -g' --prefix=/usr --infodir=/usr/share/info --mandir=/usr/share/man --libdir=/usr/lib64 --libexecdir=/usr/lib64 --enable-languages=c,c++,objc,fortran,obj-c++,ada,go,d,m2 --enable-offload-targets=nvptx-none, --enable-offload-defaulted --without-cuda-driver --enable-checking=release --disable-werror --with-gxx-include-dir=/usr/include/c++/13 --with-libstdcxx-zoneinfo=/usr/share/zoneinfo --enable-ssp --disable-libssp --disable-libvtv --enable-cet=auto --disable-libcc1 --disable-plugin --with-bugurl=https://bugs.opensuse.org/ --with-pkgversion='SUSE Linux' --with-slibdir=/lib64 --with-system-zlib --enable-libstdcxx-allocator=new --disable-libstdcxx-pch --enable-libphobos --enable-version-specific-runtime-libs --with-gcc-major-version-only --enable-linker-build-id --enable-linux-futex --enable-gnu-indirect-function --program-suffix=-13 --without-system-libunwind --enable-multilib --with-arch-32=x86-64 --with-tune=generic --enable-link-serialization --build=x86_64-suse-linux --host=x86_64-suse-linux
Thread model: posix
Supported LTO compression algorithms: zlib
gcc version 13.3.0 (SUSE Linux) 
... rest of stderr output deleted ...
configure:3087: $? = 0
configure:3076: g++ -V >&5
g++: error: unrecognized command-line option '-V'
g++: fatal error: no input files
compilation terminated.
configure:3087: $? = 1
configure:3076: g++ -qversion >&5
g++: error: unrecognized command-line option '-qversion'; did you mean '--version'?
g++: fatal error: no input files
compilation terminated.
configure:3087: $? = 1
configure:3107: checking whether the C++ compiler works
configure:3129: g++    conftest.cpp  >&5
configure:3133: $? = 0
configure:3181: result: yes
configure:3184: checking for C++ compiler default output file name
configure:3186: result: a.out
configure:3192: checking for suffix of executables
configure:3199: g++ -o conftest    conftest.cpp  >&5
configure:3203: $? = 0
configure:3225: result: 
configure:3247: checking whether we are cross compiling
configure:3255: g++ -o conftest    conftest.cpp  >&5
configure:3259: $? = 0
configure:3266: ./conftest
configure:3270: $? = 0
configure:3285: result: no
configure:3290: checking for suffix of object files
configure:3312: g++ -c   conftest.cpp >&5
configure:3316: $? = 0
configure:3337: result: o
configure:3341: checking whether we are using the GNU C++ compiler
configure:3360: g++ -c   conftest.cpp >&5
configure:3360: $? = 0
configure:3369: result: yes
configure:3378: checking whether g++ accepts -g
configure:3398: g++ -c -g  conftest.cpp >&5
configure:3398: $? = 0
configure:3439: result: yes
configure:3473: checking for style of include used by make
configure:3501: result: GNU
configure:3527: checking dependency style of g++
configure:3638: result: gcc3
configure:3701: checking for gcc
configure:3717: found /usr/local/bin/gcc
configure:3728: result: gcc
configure:3957: checking for C compiler version
configure:3966: gcc --version >&5
gcc (SUSE Linux) 13.3.0
Copyright (C) 2023 Free Software Foundation, Inc.
This is free software; see the source for copying conditions.  There is NO
warranty; not even for MERCHANTABILITY or FITNESS FOR A PARTICULAR PURPOSE.

configure:3977: $? = 0
configure:3966: gcc -v >&5
Using built-in specs.
COLLECT_GCC=gcc
COLLECT_LTO_WRAPPER=/usr/lib64/gcc/x86_64-suse-linux/13/lto-wrapper
OFFLOAD_TARGET_NAMES=nvptx-none
OFFLOAD_TARGET_DEFAULT=1
Target: x86_64-suse-linux
Configured with: ../configure CFLAGS=' -fmessage-length=0 -grecord-gcc-switches -O2 -funwind-tables -fasynchronous-unwind-tables -fstack-clash-protection -g' CXXFLAGS=' -fmessage-length=0 -grecord-gcc-switches -O2 -funwind-tables -fasynchronous-unwind-tables -fstack-clash-protection -g' XCFLAGS=' -fmessage-length=0 -grecord-gcc-switches -O2 -funwind-tables -fasynchronous-unwind-tables -fstack-clash-protection -g' TCFLAGS=' -fmessage-length=0 -grecord-gcc-switches -O2 -funwind-tables -fasynchronous-unwind-tables -fstack-clash-protection -g' GDCFLAGS=' -fmessage-length=0 -grecord-gcc-switches -O2 -funwind-tables -fasynchronous-unwind-tables -fstack-clash-protection -g' --prefix=/usr --infodir=/usr/share/info --mandir=/usr/share/man --libdir=/usr/lib64 --libexecdir=/usr/lib64 --enable-languages=c,c++,objc,fortran,obj-c++,ada,go,d,m2 --enable-offload-targets=nvptx-none, --enable-offload-defaulted --without-cuda-driver --enable-checking=release --disable-werror --with-gxx-include-dir=/usr/include/c++/13 --with-libstdcxx-zoneinfo=/usr/share/zoneinfo --enable-ssp --disable-libssp --disable-libvtv --enable-cet=auto --disable-libcc1 --disable-plugin --with-bugurl=https://bugs.opensuse.org/ --with-pkgversion='SUSE Linux' --with-slibdir=/lib64 --with-system-zlib --enable-libstdcxx-allocator=new --disable-libstdcxx-pch --enable-libphobos --enable-version-specific-runtime-libs --with-gcc-major-version-only --enable-linker-build-id --enable-linux-futex --enable-gnu-indirect-function --program-suffix=-13 --without-system-libunwind --enable-multilib --with-arch-32=x86-64 --with-tune=generic --enable-link-serialization --build=x86_64-suse-linux --host=x86_64-suse-linux
Thread model: posix
Supported LTO compression algorithms: zlib
gcc version 13.3.0 (SUSE Linux) 
... rest of stderr output deleted ...
configure:3977: $? = 0
configure:3966: gcc -V >&5
gcc: error: unrecognized command-line option '-V'
gcc: fatal error: no input files
compilation terminated.
configure:3977: $? = 1
configure:3966: gcc -qversion >&5
gcc: error: unrecognized command-line option '-qversion'; did you mean '--version'?
gcc: fatal error: no input files
compilation terminated.
configure:3977: $? = 1
configure:3981: checking whether we are using the GNU C compiler
configure:4000: gcc -c   conftest.c >&5
configure:4000: $? = 0
configure:4009: result: yes
configure:4018: checking whether gcc accepts -g
configure:4038: gcc -c -g  conftest.c >&5
configure:4038: $? = 0
configure:4079: result: yes
configure:4096: checking for gcc option to accept ISO C89
configure:4159: gcc  -c -g -O2  conftest.c >&5
configure:4159: $? = 0
configure:4172: result: none needed
configure:4197: checking whether gcc understands -c and -o together
configure:4219: gcc -c conftest.c -o conftest2.o
configure:4222: $? = 0
configure:4219: gcc -c conftest.c -o conftest2.o
configure:4222: $? = 0
configure:4234: result: yes
configure:4253: checking dependency style of gcc
configure:4364: result: gcc3
configure:4429: checking for ar
configure:4445: found /usr/bin/ar
configure:4456: result: ar
configure:4482: checking the archiver (ar) interface
configure:4498: gcc -c -g -O2  conftest.c >&5
configure:4498: $? = 0
configure:4500: ar cru libconftest.a conftest.o >&5
configure:4503: $? = 0
configure:4531: result: ar
configure:4580: checking build system type
configure:4594: result: x86_64-pc-linux-gnu
configure:4614: checking host system type
configure:4627: result: x86_64-pc-linux-gnu
configure:4668: checking how to print strings
configure:4695: result: printf
configure:4716: checking for a sed that does not truncate output
configure:4780: result: /usr/bin/sed
configure:4798: checking for grep that handles long lines and -e
configure:4856: result: /usr/bin/grep
configure:4861: checking for egrep
configure:4923: result: /usr/bin/grep -E
configure:4928: checking for fgrep
configure:4990: result: /usr/bin/grep -F
configure:5025: checking for ld used by gcc
configure:5092: result: /usr/x86_64-suse-linux/bin/ld
configure:5099: checking if the linker (/usr/x86_64-suse-linux/bin/ld) is GNU ld
configure:5114: result: yes
configure:5126: checking for BSD- or MS-compatible name lister (nm)
configure:5180: result: /usr/bin/nm -B
configure:5310: checking the name lister (/usr/bin/nm -B) interface
configure:5317: gcc -c -g -O2  conftest.c >&5
configure:5320: /usr/bin/nm -B "conftest.o"
configure:5323: output
0000000000000000 B some_variable
configure:5330: result: BSD nm
configure:5333: checking whether ln -s works
configure:5337: result: yes
configure:5345: checking the maximum length of command line arguments
configure:5476: result: 1572864
configure:5524: checking how to convert x86_64-pc-linux-gnu file names to x86_64-pc-linux-gnu format
configure:5564: result: func_convert_file_noop
configure:5571: checking how to convert x86_64-pc-linux-gnu file names to toolchain format
configure:5591: result: func_convert_file_noop
configure:5598: checking for /usr/x86_64-suse-linux/bin/ld option to reload object files
configure:5605: result: -r
configure:5679: checking for objdump
configure:5695: found /usr/bin/objdump
configure:5706: result: objdump
configure:5738: checking how to recognize dependent libraries
configure:5938: result: pass_all
configure:6023: checking for dlltool
configure:6053: result: no
configure:6083: checking how to associate runtime and link libraries
configure:6110: result: printf %s\n
configure:6234: checking for archiver @FILE support
configure:6251: gcc -c -g -O2  conftest.c >&5
configure:6251: $? = 0
configure:6254: ar cru libconftest.a @conftest.lst >&5
configure:6257: $? = 0
configure:6262: ar cru libconftest.a @conftest.lst >&5
ar: conftest.o: No such file or directory
configure:6265: $? = 1
configure:6277: result: @
configure:6335: checking for strip
configure:6351: found /usr/bin/strip
configure:6362: result: strip
configure:6434: checking for ranlib
configure:6450: found /usr/bin/ranlib
configure:6461: result: ranlib
configure:6563: checking command to parse /usr/bin/nm -B output from gcc object
configure:6716: gcc -c -g -O2  conftest.c >&5
configure:6719: $? = 0
configure:6723: /usr/bin/nm -B conftest.o \| sed -n -e 's/^.*[ ]\([ABCDGIRSTW][ABCDGIRSTW]*\)[ ][ ]*\([_A-Za-z][_A-Za-z0-9]*\)$/\1 \2 \2/p' | sed '/ __gnu_lto/d' \> conftest.nm
configure:6726: $? = 0
configure:6792: gcc -o conftest -g -O2   conftest.c conftstm.o >&5
configure:6795: $? = 0
configure:6833: result: ok
configure:6880: checking for sysroot
configure:6910: result: no
configure:6917: checking for a working dd
configure:6955: result: /usr/bin/dd
configure:6959: checking how to truncate binary pipes
configure:6974: result: /usr/bin/dd bs=4096 count=1
configure:7110: gcc -c -g -O2  conftest.c >&5
configure:7113: $? = 0
configure:7303: checking for mt
configure:7319: found /usr/bin/mt
configure:7330: result: mt
configure:7353: checking if mt is a manifest tool
configure:7359: mt '-?'
configure:7367: result: no
configure:8044: checking how to run the C preprocessor
configure:8075: gcc -E  conftest.c
configure:8075: $? = 0
configure:8089: gcc -E  conftest.c
conftest.c:11:10: fatal error: ac_nonexistent.h: No such file or directory
   11 | #include <ac_nonexistent.h>
      |          ^~~~~~~~~~~~~~~~~~
compilation terminated.
configure:8089: $? = 1
configure: failed program was:
| /* confdefs.h */
| #define PACKAGE_NAME "database"
| #define PACKAGE_TARNAME "database"
| #define PACKAGE_VERSION "1.0"
| #define PACKAGE_STRING "database 1.0"
| #define PACKAGE_BUGREPORT "radio.internship.season40@endava.com"
| #define PACKAGE_URL ""
| #define PACKAGE "database"
| #define VERSION "1.0"
| /* end confdefs.h.  */
| #include <ac_nonexistent.h>
configure:8114: result: gcc -E
configure:8134: gcc -E  conftest.c
configure:8134: $? = 0
configure:8148: gcc -E  conftest.c
conftest.c:11:10: fatal error: ac_nonexistent.h: No such file or directory
   11 | #include <ac_nonexistent.h>
      |          ^~~~~~~~~~~~~~~~~~
compilation terminated.
configure:8148: $? = 1
configure: failed program was:
| /* confdefs.h */
| #define PACKAGE_NAME "database"
| #define PACKAGE_TARNAME "database"
| #define PACKAGE_VERSION "1.0"
| #define PACKAGE_STRING "database 1.0"
| #define PACKAGE_BUGREPORT "radio.internship.season40@endava.com"
| #define PACKAGE_URL ""
| #define PACKAGE "database"
| #define VERSION "1.0"
| /* end confdefs.h.  */
| #include <ac_nonexistent.h>
configure:8177: checking for ANSI C header files
configure:8197: gcc -c -g -O2  conftest.c >&5
configure:8197: $? = 0
configure:8270: gcc -o conftest -g -O2   conftest.c  >&5
configure:8270: $? = 0
configure:8270: ./conftest
configure:8270: $? = 0
configure:8281: result: yes
configure:8294: checking for sys/types.h
configure:8294: gcc -c -g -O2  conftest.c >&5
configure:8294: $? = 0
configure:8294: result: yes
configure:8294: checking for sys/stat.h
configure:8294: gcc -c -g -O2  conftest.c >&5
configure:8294: $? = 0
configure:8294: result: yes
configure:8294: checking for stdlib.h
configure:8294: gcc -c -g -O2  conftest.c >&5
configure:8294: $? = 0
configure:8294: result: yes
configure:8294: checking for string.h
configure:8294: gcc -c -g -O2  conftest.c >&5
configure:8294: $? = 0
configure:8294: result: yes
configure:8294: checking for memory.h
configure:8294: gcc -c -g -O2  conftest.c >&5
configure:8294: $? = 0
configure:8294: result: yes
configure:8294: checking for strings.h
configure:8294: gcc -c -g -O2  conftest.c >&5
configure:8294: $? = 0
configure:8294: result: yes
configure:8294: checking for inttypes.h
configure:8294: gcc -c -g -O2  conftest.c >&5
configure:8294: $? = 0
configure:8294: result: yes
configure:8294: checking for stdint.h
configure:8294: gcc -c -g -O2  conftest.c >&5
configure:8294: $? = 0
configure:8294: result: yes
configure:8294: checking for unistd.h
configure:8294: gcc -c -g -O2  conftest.c >&5
configure:8294: $? = 0
configure:8294: result: yes
configure:8308: checking for dlfcn.h
configure:8308: gcc -c -g -O2  conftest.c >&5
configure:8308: $? = 0
configure:8308: result: yes
configure:8575: checking for objdir
configure:8590: result: .libs
configure:8854: checking if gcc supports -fno-rtti -fno-exceptions
configure:8872: gcc -c -g -O2  -fno-rtti -fno-exceptions conftest.c >&5
cc1: warning: command-line option '-fno-rtti' is valid for C++/D/ObjC++ but not for C
configure:8876: $? = 0
configure:8889: result: no
configure:9247: checking for gcc option to produce PIC
configure:9254: result: -fPIC -DPIC
configure:9262: checking if gcc PIC flag -fPIC -DPIC works
configure:9280: gcc -c -g -O2  -fPIC -DPIC -DPIC conftest.c >&5
configure:9284: $? = 0
configure:9297: result: yes
configure:9326: checking if gcc static flag -static works
configure:9354: result: no
configure:9369: checking if gcc supports -c -o file.o
configure:9390: gcc -c -g -O2  -o out/conftest2.o conftest.c >&5
configure:9394: $? = 0
configure:9416: result: yes
configure:9424: checking if gcc supports -c -o file.o
configure:9471: result: yes
configure:9504: checking whether the gcc linker (/usr/x86_64-suse-linux/bin/ld -m elf_x86_64) supports shared libraries
configure:10763: result: yes
configure:10800: checking whether -lc should be explicitly linked in
configure:10808: gcc -c -g -O2  conftest.c >&5
configure:10811: $? = 0
configure:10826: gcc -shared  -fPIC -DPIC conftest.o  -v -Wl,-soname -Wl,conftest -o conftest 2\>\&1 \| /usr/bin/grep  -lc  \>/dev/null 2\>\&1
configure:10829: $? = 0
configure:10843: result: no
configure:11003: checking dynamic linker characteristics
configure:11584: gcc -o conftest -g -O2   -Wl,-rpath -Wl,/foo conftest.c  >&5
configure:11584: $? = 0
configure:11821: result: GNU/Linux ld.so
configure:11943: checking how to hardcode library paths into programs
configure:11968: result: immediate
configure:12516: checking whether stripping libraries is possible
configure:12521: result: yes
configure:12556: checking if libtool supports shared libraries
configure:12558: result: yes
configure:12561: checking whether to build shared libraries
configure:12586: result: yes
configure:12589: checking whether to build static libraries
configure:12593: result: yes
configure:12616: checking how to run the C++ preprocessor
configure:12643: g++ -E  conftest.cpp
configure:12643: $? = 0
configure:12657: g++ -E  conftest.cpp
conftest.cpp:23:10: fatal error: ac_nonexistent.h: No such file or directory
   23 | #include <ac_nonexistent.h>
      |          ^~~~~~~~~~~~~~~~~~
compilation terminated.
configure:12657: $? = 1
configure: failed program was:
| /* confdefs.h */
| #define PACKAGE_NAME "database"
| #define PACKAGE_TARNAME "database"
| #define PACKAGE_VERSION "1.0"
| #define PACKAGE_STRING "database 1.0"
| #define PACKAGE_BUGREPORT "radio.internship.season40@endava.com"
| #define PACKAGE_URL ""
| #define PACKAGE "database"
| #define VERSION "1.0"
| #define STDC_HEADERS 1
| #define HAVE_SYS_TYPES_H 1
| #define HAVE_SYS_STAT_H 1
| #define HAVE_STDLIB_H 1
| #define HAVE_STRING_H 1
| #define HAVE_MEMORY_H 1
| #define HAVE_STRINGS_H 1
| #define HAVE_INTTYPES_H 1
| #define HAVE_STDINT_H 1
| #define HAVE_UNISTD_H 1
| #define HAVE_DLFCN_H 1
| #define LT_OBJDIR ".libs/"
| /* end confdefs.h.  */
| #include <ac_nonexistent.h>
configure:12682: result: g++ -E
configure:12702: g++ -E  conftest.cpp
configure:12702: $? = 0
configure:12716: g++ -E  conftest.cpp
conftest.cpp:23:10: fatal error: ac_nonexistent.h: No such file or directory
   23 | #include <ac_nonexistent.h>
      |          ^~~~~~~~~~~~~~~~~~
compilation terminated.
configure:12716: $? = 1
configure: failed program was:
| /* confdefs.h */
| #define PACKAGE_NAME "database"
| #define PACKAGE_TARNAME "database"
| #define PACKAGE_VERSION "1.0"
| #define PACKAGE_STRING "database 1.0"
| #define PACKAGE_BUGREPORT "radio.internship.season40@endava.com"
| #define PACKAGE_URL ""
| #define PACKAGE "database"
| #define VERSION "1.0"
| #define STDC_HEADERS 1
| #define HAVE_SYS_TYPES_H 1
| #define HAVE_SYS_STAT_H 1
| #define HAVE_STDLIB_H 1
| #define HAVE_STRING_H 1
| #define HAVE_MEMORY_H 1
| #define HAVE_STRINGS_H 1
| #define HAVE_INTTYPES_H 1
| #define HAVE_STDINT_H 1
| #define HAVE_UNISTD_H 1
| #define HAVE_DLFCN_H 1
| #define LT_OBJDIR ".libs/"
| /* end confdefs.h.  */
| #include <ac_nonexistent.h>
configure:12878: checking for ld used by g++
configure:12945: result: /usr/x86_64-suse-linux/bin/ld -m elf_x86_64
configure:12952: checking if the linker (/usr/x86_64-suse-linux/bin/ld -m elf_x86_64) is GNU ld
configure:12967: result: yes
configure:13022: checking whether the g++ linker (/usr/x86_64-suse-linux/bin/ld -m elf_x86_64) supports shared libraries
configure:14095: result: yes
configure:14131: g++ -c -g -O2  conftest.cpp >&5
configure:14134: $? = 0
configure:14615: checking for g++ option to produce PIC
configure:14622: result: -fPIC -DPIC
configure:14630: checking if g++ PIC flag -fPIC -DPIC works
configure:14648: g++ -c -g -O2  -fPIC -DPIC -DPIC conftest.cpp >&5
configure:14652: $? = 0
configure:14665: result: yes
configure:14688: checking if g++ static flag -static works
configure:14716: result: no
configure:14728: checking if g++ supports -c -o file.o
configure:14749: g++ -c -g -O2  -o out/conftest2.o conftest.cpp >&5
configure:14753: $? = 0
configure:14775: result: yes
configure:14780: checking if g++ supports -c -o file.o
configure:14827: result: yes
configure:14857: checking whether the g++ linker (/usr/x86_64-suse-linux/bin/ld -m elf_x86_64) supports shared libraries
configure:14897: result: yes
configure:15038: checking dynamic linker characteristics
configure:15783: result: GNU/Linux ld.so
configure:15848: checking how to hardcode library paths into programs
configure:15873: result: immediate
configure:15935: checking for readline in -lreadline
configure:15960: gcc -o conftest -g -O2   conftest.c -lreadline   >&5
configure:15960: $? = 0
configure:15969: result: yes
configure:15984: checking readline/readline.h usability
configure:15984: gcc -c -g -O2  conftest.c >&5
configure:15984: $? = 0
configure:15984: result: yes
configure:15984: checking readline/readline.h presence
configure:15984: gcc -E  conftest.c
configure:15984: $? = 0
configure:15984: result: yes
configure:15984: checking for readline/readline.h
configure:15984: result: yes
configure:16107: checking that generated files are newer than configure
configure:16113: result: done
configure:16140: creating ./config.status

## ---------------------- ##
## Running config.status. ##
## ---------------------- ##

This file was extended by database config.status 1.0, which was
generated by GNU Autoconf 2.69.  Invocation command line was

  CONFIG_FILES    = 
  CONFIG_HEADERS  = 
  CONFIG_LINKS    = 
  CONFIG_COMMANDS = 
  $ ./config.status 

on opensuse15

config.status:1148: creating Makefile
config.status:1148: creating config.h
config.status:1377: executing depfiles commands
config.status:1377: executing libtool commands

## ---------------- ##
## Cache variables. ##
## ---------------- ##

ac_cv_build=x86_64-pc-linux-gnu
ac_cv_c_compiler_gnu=yes
ac_cv_cxx_compiler_gnu=yes
ac_cv_env_CCC_set=
ac_cv_env_CCC_value=
ac_cv_env_CC_set=
ac_cv_env_CC_value=
ac_cv_env_CFLAGS_set=
ac_cv_env_CFLAGS_value=
ac_cv_env_CPPFLAGS_set=
ac_cv_env_CPPFLAGS_value=
ac_cv_env_CPP_set=
ac_cv_env_CPP_value=
ac_cv_env_CXXCPP_set=
ac_cv_env_CXXCPP_value=
ac_cv_env_CXXFLAGS_set=
ac_cv_env_CXXFLAGS_value=
ac_cv_env_CXX_set=
ac_cv_env_CXX_value=
ac_cv_env_LDFLAGS_set=
ac_cv_env_LDFLAGS_value=
ac_cv_env_LIBS_set=
ac_cv_env_LIBS_value=
ac_cv_env_LT_SYS_LIBRARY_PATH_set=
ac_cv_env_LT_SYS_LIBRARY_PATH_value=
ac_cv_env_build_alias_set=
ac_cv_env_build_alias_value=
ac_cv_env_host_alias_set=
ac_cv_env_host_alias_value=
ac_cv_env_target_alias_set=
ac_cv_env_target_alias_value=
ac_cv_header_dlfcn_h=yes
ac_cv_header_inttypes_h=yes
ac_cv_header_memory_h=yes
ac_cv_header_readline_readline_h=yes
ac_cv_header_stdc=yes
ac_cv_header_stdint_h=yes
ac_cv_header_stdlib_h=yes
ac_cv_header_string_h=yes
ac_cv_header_strings_h=yes
ac_cv_header_sys_stat_h=yes
ac_cv_header_sys_types_h=yes
ac_cv_header_unistd_h=yes
ac_cv_host=x86_64-pc-linux-gnu
ac_cv_lib_readline_readline=yes
ac_cv_objext=o
ac_cv_path_EGREP='/usr/bin/grep -E'
ac_cv_path_FGREP='/usr/bin/grep -F'
ac_cv_path_GREP=/usr/bin/grep
ac_cv_path_SED=/usr/bin/sed
ac_cv_path_install='/usr/bin/install -c'
ac_cv_path_lt_DD=/usr/bin/dd
ac_cv_path_mkdir=/usr/bin/mkdir
ac_cv_prog_AWK=gawk
ac_cv_prog_CPP='gcc -E'
ac_cv_prog_CXXCPP='g++ -E'
ac_cv_prog_ac_ct_AR=ar
ac_cv_prog_ac_ct_CC=gcc
ac_cv_prog_ac_ct_CXX=g++
ac_cv_prog_ac_ct_MANIFEST_TOOL=mt
ac_cv_prog_ac_ct_OBJDUMP=objdump
ac_cv_prog_ac_ct_RANLIB=ranlib
ac_cv_prog_ac_ct_STRIP=strip
ac_cv_prog_cc_c89=
ac_cv_prog_cc_g=yes
ac_cv_prog_cxx_g=yes
ac_cv_prog_make_make_set=yes
am_cv_CC_dependencies_compiler_type=gcc3
am_cv_CXX_dependencies_compiler_type=gcc3
am_cv_ar_interface=ar
am_cv_make_support_nested_variables=yes
am_cv_prog_cc_c_o=yes
lt_cv_ar_at_file=@
lt_cv_archive_cmds_need_lc=no
lt_cv_deplibs_check_method=pass_all
lt_cv_file_magic_cmd='$MAGIC_CMD'
lt_cv_file_magic_test_file=
lt_cv_ld_reload_flag=-r
lt_cv_nm_interface='BSD nm'
lt_cv_objdir=.libs
lt_cv_path_LD=/usr/x86_64-suse-linux/bin/ld
lt_cv_path_LDCXX='/usr/x86_64-suse-linux/bin/ld -m elf_x86_64'
lt_cv_path_NM='/usr/bin/nm -B'
lt_cv_path_mainfest_tool=no
lt_cv_prog_compiler_c_o=yes
lt_cv_prog_compiler_c_o_CXX=yes
lt_cv_prog_compiler_pic='-fPIC -DPIC'
lt_cv_prog_compiler_pic_CXX='-fPIC -DPIC'
lt_cv_prog_compiler_pic_works=yes
lt_cv_prog_compiler_pic_works_CXX=yes
lt_cv_prog_compiler_rtti_exceptions=no
lt_cv_prog_compiler_static_works=no
lt_cv_prog_compiler_static_works_CXX=no
lt_cv_prog_gnu_ld=yes
lt_cv_prog_gnu_ldcxx=yes
lt_cv_sharedlib_from_linklib_cmd='printf %s\n'
lt_cv_shlibpath_overrides_runpath=yes
lt_cv_sys_global_symbol_pipe='sed -n -e '\''s/^.*[	 ]\([ABCDGIRSTW][ABCDGIRSTW]*\)[	 ][	 ]*\([_A-Za-z][_A-Za-z0-9]*\)$/\1 \2 \2/p'\'' | sed '\''/ __gnu_lto/d'\'''
lt_cv_sys_global_symbol_to_c_name_address='sed -n -e '\''s/^: \(.*\) .*$/  {"\1", (void *) 0},/p'\'' -e '\''s/^[ABCDGIRSTW][ABCDGIRSTW]* .* \(.*\)$/  {"\1", (void *) \&\1},/p'\'''
lt_cv_sys_global_symbol_to_c_name_address_lib_prefix='sed -n -e '\''s/^: \(.*\) .*$/  {"\1", (void *) 0},/p'\'' -e '\''s/^[ABCDGIRSTW][ABCDGIRSTW]* .* \(lib.*\)$/  {"\1", (void *) \&\1},/p'\'' -e '\''s/^[ABCDGIRSTW][ABCDGIRSTW]* .* \(.*\)$/  {"lib\1", (void *) \&\1},/p'\'''
lt_cv_sys_global_symbol_to_cdecl='sed -n -e '\''s/^T .* \(.*\)$/extern int \1();/p'\'' -e '\''s/^[ABCDGIRSTW][ABCDGIRSTW]* .* \(.*\)$/extern char \1;/p'\'''
lt_cv_sys_global_symbol_to_import=
lt_cv_sys_max_cmd_len=1572864
lt_cv_to_host_file_cmd=func_convert_file_noop
lt_cv_to_tool_file_cmd=func_convert_file_noop
lt_cv_truncate_bin='/usr/bin/dd bs=4096 count=1'

## ----------------- ##
## Output variables. ##
## ----------------- ##

ACLOCAL='${SHELL} /home/vagrant/RadioXFTInternshipSeason40/database/missing aclocal-1.15'
AMDEPBACKSLASH='\'
AMDEP_FALSE='#'
AMDEP_TRUE=''
AMTAR='$${TAR-tar}'
AM_BACKSLASH='\'
AM_DEFAULT_V='$(AM_DEFAULT_VERBOSITY)'
AM_DEFAULT_VERBOSITY='1'
AM_V='$(V)'
AR='ar'
AUTOCONF='${SHELL} /home/vagrant/RadioXFTInternshipSeason40/database/missing autoconf'
AUTOHEADER='${SHELL} /home/vagrant/RadioXFTInternshipSeason40/database/missing autoheader'
AUTOMAKE='${SHELL} /home/vagrant/RadioXFTInternshipSeason40/database/missing automake-1.15'
AWK='gawk'
CC='gcc'
CCDEPMODE='depmode=gcc3'
CFLAGS='-g -O2'
CPP='gcc -E'
CPPFLAGS=''
CXX='g++'
CXXCPP='g++ -E'
CXXDEPMODE='depmode=gcc3'
CXXFLAGS='-g -O2'
CYGPATH_W='echo'
DEFS='-DHAVE_CONFIG_H'
DEPDIR='.deps'
DLLTOOL='false'
DSYMUTIL=''
DUMPBIN=''
ECHO_C=''
ECHO_N='-n'
ECHO_T=''
EGREP='/usr/bin/grep -E'
EXEEXT=''
FGREP='/usr/bin/grep -F'
GREP='/usr/bin/grep'
INSTALL_DATA='${INSTALL} -m 644'
INSTALL_PROGRAM='${INSTALL}'
INSTALL_SCRIPT='${INSTALL}'
INSTALL_STRIP_PROGRAM='$(install_sh) -c -s'
LD='/usr/x86_64-suse-linux/bin/ld -m elf_x86_64'
LDFLAGS=''
LIBOBJS=''
LIBS='-lreadline '
LIBTOOL='$(SHELL) $(top_builddir)/libtool'
LIPO=''
LN_S='ln -s'
LTLIBOBJS=''
LT_SYS_LIBRARY_PATH=''
MAKEINFO='${SHELL} /home/vagrant/RadioXFTInternshipSeason40/database/missing makeinfo'
MANIFEST_TOOL=':'
MKDIR_P='/usr/bin/mkdir -p'
NM='/usr/bin/nm -B'
NMEDIT=''
OBJDUMP='objdump'
OBJEXT='o'
OTOOL64=''
OTOOL=''
PACKAGE='database'
PACKAGE_BUGREPORT='radio.internship.season40@endava.com'
PACKAGE_NAME='database'
PACKAGE_STRING='database 1.0'
PACKAGE_TARNAME='database'
PACKAGE_URL=''
PACKAGE_VERSION='1.0'
PATH_SEPARATOR=':'
RANLIB='ranlib'
SED='/usr/bin/sed'
SET_MAKE=''
SHELL='/bin/sh'
STRIP='strip'
VERSION='1.0'
ac_ct_AR='ar'
ac_ct_CC='gcc'
ac_ct_CXX='g++'
ac_ct_DUMPBIN=''
am__EXEEXT_FALSE=''
am__EXEEXT_TRUE='#'
am__fastdepCC_FALSE='#'
am__fastdepCC_TRUE=''
am__fastdepCXX_FALSE='#'
am__fastdepCXX_TRUE=''
am__include='include'
am__isrc=''
am__leading_dot='.'
am__nodep='_no'
am__quote=''
am__tar='$${TAR-tar} chof - "$$tardir"'
am__untar='$${TAR-tar} xf -'
bindir='${exec_prefix}/bin'
build='x86_64-pc-linux-gnu'
build_alias=''
build_cpu='x86_64'
build_os='linux-gnu'
build_vendor='pc'
datadir='${datarootdir}'
datarootdir='${prefix}/share'
docdir='${datarootdir}/doc/${PACKAGE_TARNAME}'
dvidir='${docdir}'
exec_prefix='${prefix}'
host='x86_64-pc-linux-gnu'
host_alias=''
host_cpu='x86_64'
host_os='linux-gnu'
host_vendor='pc'
htmldir='${docdir}'
includedir='${prefix}/include'
infodir='${datarootdir}/info'
install_sh='${SHELL} /home/vagrant/RadioXFTInternshipSeason40/database/install-sh'
libdir='${exec_prefix}/lib'
libexecdir='${exec_prefix}/libexec'
localedir='${datarootdir}/locale'
localstatedir='${prefix}/var'
mandir='${datarootdir}/man'
mkdir_p='$(MKDIR_P)'
oldincludedir='/usr/include'
pdfdir='${docdir}'
prefix='/usr/local'
program_transform_name='s,x,x,'
psdir='${docdir}'
sbindir='${exec_prefix}/sbin'
sharedstatedir='${prefix}/com'
sysconfdir='${prefix}/etc'
target_alias=''

## ----------- ##
## confdefs.h. ##
## ----------- ##

/* confdefs.h */
#define PACKAGE_NAME "database"
#define PACKAGE_TARNAME "database"
#define PACKAGE_VERSION "1.0"
#define PACKAGE_STRING "database 1.0"
#define PACKAGE_BUGREPORT "radio.internship.season40@endava.com"
#define PACKAGE_URL ""
#define PACKAGE "database"
#define VERSION "1.0"
#define STDC_HEADERS 1
#define HAVE_SYS_TYPES_H 1
#define HAVE_SYS_STAT_H 1
#define HAVE_STDLIB_H 1
#define HAVE_STRING_H 1
#define HAVE_MEMORY_H 1
#define HAVE_STRINGS_H 1
#define HAVE_INTTYPES_H 1
#define HAVE_STDINT_H 1
#define HAVE_UNISTD_H 1
#define HAVE_DLFCN_H 1
#define LT_OBJDIR ".libs/"
#define HAVE_LIBREADLINE 1
#define HAVE_READLINE_READLINE_H 1

configure: exit 0
